
> react_repo@0.0.0 build /workspace/goals-tracker
> pnpm install --prefer-offline && rm -rf node_modules/.vite-temp && tsc -b && vite build

Lockfile is up to date, resolution step is skipped
Already up to date

╭ Warning ─────────────────────────────────────────────────────────────────────╮
│                                                                              │
│   Ignored build scripts: core-js, esbuild.                                   │
│   Run "pnpm approve-builds" to pick which dependencies should be allowed     │
│   to run scripts.                                                            │
│                                                                              │
╰──────────────────────────────────────────────────────────────────────────────╯

Done in 1.3s using pnpm v10.12.4
[36mvite v6.4.1 [32mbuilding for production...[36m[39m
transforming...
[32m✓[39m 2947 modules transformed.
rendering chunks...
computing gzip size...
[2mdist/[22m[32mindex.html                          [39m[1m[2m    0.41 kB[22m[1m[22m[2m │ gzip:   0.29 kB[22m
[2mdist/[22m[2massets/[22m[35mindex-iHkSUKq5.css           [39m[1m[2m   84.62 kB[22m[1m[22m[2m │ gzip:  13.63 kB[22m
[2mdist/[22m[2massets/[22m[36mpurify.es-B6FQ9oRL.js        [39m[1m[2m   22.57 kB[22m[1m[22m[2m │ gzip:   8.71 kB[22m
[2mdist/[22m[2massets/[22m[36mindex.es-Cp4tV8tx.js         [39m[1m[2m  158.92 kB[22m[1m[22m[2m │ gzip:  53.07 kB[22m
[2mdist/[22m[2massets/[22m[36mhtml2canvas.esm-QH1iLAAe.js  [39m[1m[2m  202.38 kB[22m[1m[22m[2m │ gzip:  47.71 kB[22m
[2mdist/[22m[2massets/[22m[36mindex-nUzwRxuR.js            [39m[1m[33m1,895.56 kB[39m[22m[2m │ gzip: 467.57 kB[22m
[33m
(!) Some chunks are larger than 500 kB after minification. Consider:
- Using dynamic import() to code-split the application
- Use build.rollupOptions.output.manualChunks to improve chunking: https://rollupjs.org/configuration-options/#output-manualchunks
- Adjust chunk size limit for this warning via build.chunkSizeWarningLimit.[39m
[32m✓ built in 13.69s[39m
