
> react_repo@0.0.0 build
> pnpm install --prefer-offline && rm -rf node_modules/.vite-temp && tsc -b && vite build

Lockfile is up to date, resolution step is skipped
Progress: resolved 1, reused 0, downloaded 0, added 0
Packages: +472
++++++++++++++++++++++++++++++++++++++++++++++++++++++++++++++++++++++++++++++++
Progress: resolved 472, reused 0, downloaded 0, added 0
Progress: resolved 472, reused 0, downloaded 1, added 0
Progress: resolved 472, reused 0, downloaded 86, added 24
Progress: resolved 472, reused 0, downloaded 143, added 51
Progress: resolved 472, reused 0, downloaded 183, added 93
Progress: resolved 472, reused 0, downloaded 255, added 142
Progress: resolved 472, reused 0, downloaded 345, added 186
Progress: resolved 472, reused 0, downloaded 402, added 217
Progress: resolved 472, reused 0, downloaded 465, added 249
Progress: resolved 472, reused 0, downloaded 472, added 472, done

dependencies:
+ @hookform/resolvers 3.10.0
+ @radix-ui/react-accordion 1.2.12
+ @radix-ui/react-alert-dialog 1.1.15
+ @radix-ui/react-aspect-ratio 1.1.7
+ @radix-ui/react-avatar 1.1.10
+ @radix-ui/react-checkbox 1.3.3
+ @radix-ui/react-collapsible 1.1.12
+ @radix-ui/react-context-menu 2.2.16
+ @radix-ui/react-dialog 1.1.15
+ @radix-ui/react-dropdown-menu 2.1.16
+ @radix-ui/react-hover-card 1.1.15
+ @radix-ui/react-label 2.1.7
+ @radix-ui/react-menubar 1.1.16
+ @radix-ui/react-navigation-menu 1.2.14
+ @radix-ui/react-popover 1.1.15
+ @radix-ui/react-progress 1.1.7
+ @radix-ui/react-radio-group 1.3.8
+ @radix-ui/react-scroll-area 1.2.10
+ @radix-ui/react-select 2.2.6
+ @radix-ui/react-separator 1.1.7
+ @radix-ui/react-slider 1.3.6
+ @radix-ui/react-slot 1.2.3
+ @radix-ui/react-switch 1.2.6
+ @radix-ui/react-tabs 1.1.13
+ @radix-ui/react-toast 1.2.15
+ @radix-ui/react-toggle 1.1.10
+ @radix-ui/react-toggle-group 1.1.11
+ @radix-ui/react-tooltip 1.2.8
+ @supabase/supabase-js 2.78.0
+ @types/papaparse 5.3.16
+ @types/react-big-calendar 1.16.3
+ class-variance-authority 0.7.1
+ clsx 2.1.1
+ cmdk 1.0.0
+ date-fns 3.6.0
+ embla-carousel-react 8.6.0
+ input-otp 1.4.2
+ jspdf 3.0.3
+ lucide-react 0.364.0
+ next-themes 0.4.6
+ papaparse 5.5.3
+ pnpm-store 0.0.0 <- ../../tmp/pnpm-store
+ react 18.3.1
+ react-big-calendar 1.19.4
+ react-day-picker 8.10.1
+ react-dom 18.3.1
+ react-hook-form 7.66.0
+ react-resizable-panels 2.1.9
+ react-router-dom 6.30.1
+ recharts 2.15.4
+ sonner 1.7.4
+ tailwind-merge 2.6.0
+ tailwindcss-animate 1.0.7
+ vaul 1.1.2
+ zod 3.25.76

devDependencies:
+ @eslint/js 9.39.1
+ @types/node 22.19.0
+ @types/react 18.3.26
+ @types/react-dom 18.3.7
+ @types/react-router-dom 5.3.3
+ @vitejs/plugin-react 4.7.0
+ autoprefixer 10.4.20
+ eslint 9.39.1
+ eslint-plugin-react-hooks 5.2.0
+ eslint-plugin-react-refresh 0.4.24
+ globals 15.15.0
+ postcss 8.4.49
+ tailwindcss 3.4.16
+ typescript 5.6.3
+ typescript-eslint 8.46.3
+ vite 6.4.1
+ vite-plugin-source-identifier 1.1.2

╭ Warning ─────────────────────────────────────────────────────────────────────╮
│                                                                              │
│   Ignored build scripts: core-js, esbuild.                                   │
│   Run "pnpm approve-builds" to pick which dependencies should be allowed     │
│   to run scripts.                                                            │
│                                                                              │
╰──────────────────────────────────────────────────────────────────────────────╯

Done in 14.2s using pnpm v10.12.4
[36mvite v6.4.1 [32mbuilding for production...[36m[39m
transforming...
[32m✓[39m 3472 modules transformed.
rendering chunks...
computing gzip size...
[2mdist/[22m[32mindex.html                          [39m[1m[2m    0.41 kB[22m[1m[22m[2m │ gzip:   0.29 kB[22m
[2mdist/[22m[2massets/[22m[35mindex-C6zSw-NE.css           [39m[1m[2m   97.15 kB[22m[1m[22m[2m │ gzip:  15.31 kB[22m
[2mdist/[22m[2massets/[22m[36mpurify.es-B6FQ9oRL.js        [39m[1m[2m   22.57 kB[22m[1m[22m[2m │ gzip:   8.71 kB[22m
[2mdist/[22m[2massets/[22m[36mindex.es-DidlrxYM.js         [39m[1m[2m  158.92 kB[22m[1m[22m[2m │ gzip:  53.07 kB[22m
[2mdist/[22m[2massets/[22m[36mhtml2canvas.esm-QH1iLAAe.js  [39m[1m[2m  202.38 kB[22m[1m[22m[2m │ gzip:  47.71 kB[22m
[2mdist/[22m[2massets/[22m[36mindex-EadQfj1g.js            [39m[1m[33m2,075.69 kB[39m[22m[2m │ gzip: 491.83 kB[22m
[33m
(!) Some chunks are larger than 500 kB after minification. Consider:
- Using dynamic import() to code-split the application
- Use build.rollupOptions.output.manualChunks to improve chunking: https://rollupjs.org/configuration-options/#output-manualchunks
- Adjust chunk size limit for this warning via build.chunkSizeWarningLimit.[39m
[32m✓ built in 16.18s[39m
